TN:
SF:D:\Project\app\components\choosePlan\index.js
FN:3,_interopRequireDefault
FN:5,ChoosePlan
FNF:2
FNH:2
FNDA:10,_interopRequireDefault
FNDA:1,ChoosePlan
DA:1,5
DA:2,5
DA:3,10
DA:5,5
DA:6,1
DA:15,5
LF:6
LH:6
BRDA:3,0,0,5
BRDA:3,0,1,5
BRDA:3,1,0,10
BRDA:3,1,1,10
BRF:4
BRH:4
end_of_record
TN:
SF:D:\Project\app\components\choosePlan\styles.js
FNF:0
FNH:0
DA:1,5
DA:2,5
DA:4,5
DA:33,5
LF:4
LH:4
BRF:0
BRH:0
end_of_record
TN:
SF:D:\Project\app\components\firstButtons\index.js
FN:3,_interopRequireDefault
FN:5,FirstButtons
FN:7,onPress
FNF:3
FNH:2
FNDA:4,_interopRequireDefault
FNDA:1,FirstButtons
FNDA:0,onPress
DA:1,2
DA:2,2
DA:3,4
DA:5,2
DA:6,1
DA:7,0
DA:12,2
LF:7
LH:6
BRDA:3,0,0,2
BRDA:3,0,1,2
BRDA:3,1,0,4
BRDA:3,1,1,4
BRF:4
BRH:4
end_of_record
TN:
SF:D:\Project\app\components\firstButtons\styles.js
FNF:0
FNH:0
DA:1,2
DA:2,2
DA:4,2
DA:15,2
LF:4
LH:4
BRF:0
BRH:0
end_of_record
TN:
SF:D:\Project\app\components\header\index.js
FN:3,_interopRequireDefault
FN:5,Header
FNF:2
FNH:2
FNDA:5,_interopRequireDefault
FNDA:1,Header
DA:1,5
DA:2,5
DA:3,5
DA:5,5
DA:6,1
DA:13,5
LF:6
LH:6
BRDA:3,0,0,0
BRDA:3,0,1,5
BRDA:3,1,0,5
BRDA:3,1,1,5
BRF:4
BRH:3
end_of_record
TN:
SF:D:\Project\app\components\header\styles.js
FNF:0
FNH:0
DA:1,5
DA:2,5
DA:5,5
DA:24,5
LF:4
LH:4
BRF:0
BRH:0
end_of_record
TN:
SF:D:\Project\app\components\iconComponent\index.js
FN:2,_interopRequireDefault
FN:4,IconComponent
FNF:2
FNH:2
FNDA:6,_interopRequireDefault
FNDA:1,IconComponent
DA:1,3
DA:2,6
DA:4,3
DA:5,1
DA:8,3
LF:5
LH:5
BRDA:2,0,0,3
BRDA:2,0,1,3
BRDA:2,1,0,6
BRDA:2,1,1,6
BRF:4
BRH:4
end_of_record
TN:
SF:D:\Project\app\components\iconComponent\style.js
FNF:0
FNH:0
DA:1,0
DA:3,0
DA:12,0
LF:3
LH:0
BRF:0
BRH:0
end_of_record
TN:
SF:D:\Project\app\components\itemComponent\index.js
FN:3,_interopRequireDefault
FN:5,ItemComponent
FNF:2
FNH:2
FNDA:6,_interopRequireDefault
FNDA:1,ItemComponent
DA:1,3
DA:2,3
DA:3,6
DA:5,3
DA:6,1
DA:20,3
LF:6
LH:6
BRDA:3,0,0,3
BRDA:3,0,1,3
BRDA:3,1,0,6
BRDA:3,1,1,6
BRF:4
BRH:4
end_of_record
TN:
SF:D:\Project\app\components\itemComponent\style.js
FNF:0
FNH:0
DA:1,3
DA:2,3
DA:4,3
DA:43,3
LF:4
LH:4
BRF:0
BRH:0
end_of_record
TN:
SF:D:\Project\app\components\loader\index.js
FN:3,_interopRequireDefault
FN:5,Loader
FNF:2
FNH:2
FNDA:2,_interopRequireDefault
FNDA:1,Loader
DA:1,2
DA:2,2
DA:3,2
DA:6,1
DA:8,1
DA:13,1
LF:6
LH:6
BRDA:3,0,0,0
BRDA:3,0,1,2
BRDA:3,1,0,2
BRDA:3,1,1,2
BRF:4
BRH:3
end_of_record
TN:
SF:D:\Project\app\components\loader\styles.js
FNF:0
FNH:0
LF:0
LH:0
BRF:0
BRH:0
end_of_record
TN:
SF:D:\Project\app\components\nextButton\index.js
FN:3,_interopRequireDefault
FN:5,NextButton
FNF:2
FNH:2
FNDA:18,_interopRequireDefault
FNDA:1,NextButton
DA:1,9
DA:2,9
DA:3,18
DA:5,9
DA:6,1
DA:14,9
LF:6
LH:6
BRDA:3,0,0,9
BRDA:3,0,1,9
BRDA:3,1,0,18
BRDA:3,1,1,18
BRF:4
BRH:4
end_of_record
TN:
SF:D:\Project\app\components\nextButton\styles.js
FNF:0
FNH:0
DA:1,9
DA:2,9
DA:5,9
DA:21,9
LF:4
LH:4
BRF:0
BRH:0
end_of_record
TN:
SF:D:\Project\app\components\sliderComponent\index.js
FN:3,_interopRequireDefault
FN:5,SliderComponent
FNF:2
FNH:2
FNDA:4,_interopRequireDefault
FNDA:1,SliderComponent
DA:1,2
DA:2,2
DA:3,4
DA:5,2
DA:6,1
DA:11,2
DA:13,2
LF:7
LH:7
BRDA:3,0,0,2
BRDA:3,0,1,2
BRDA:3,1,0,4
BRDA:3,1,1,4
BRF:4
BRH:4
end_of_record
TN:
SF:D:\Project\app\components\sliderComponent\style.js
FNF:0
FNH:0
DA:1,2
DA:3,2
DA:19,2
LF:3
LH:3
BRF:0
BRH:0
end_of_record
TN:
SF:D:\Project\app\services\constants\index.js
FN:1,_interopRequireDefault
FNF:1
FNH:1
FNDA:30,_interopRequireDefault
DA:1,30
DA:3,30
DA:9,30
DA:12,30
DA:32,30
DA:35,30
DA:203,30
LF:7
LH:7
BRDA:1,0,0,30
BRDA:1,0,1,0
BRDA:1,1,0,30
BRDA:1,1,1,30
BRF:4
BRH:3
end_of_record
TN:
SF:D:\Project\app\views\appFlow\mainScreen\mainScreen.js
FN:10,_interopRequireDefault
FN:13,MainScreen
FN:39,(anonymous_2)
FNF:3
FNH:3
FNDA:7,_interopRequireDefault
FNDA:1,MainScreen
FNDA:4,(anonymous_2)
DA:1,1
DA:2,1
DA:3,1
DA:4,1
DA:5,1
DA:6,1
DA:7,1
DA:8,1
DA:9,1
DA:10,7
DA:13,1
DA:14,1
DA:39,4
DA:40,4
DA:53,1
LF:15
LH:15
BRDA:10,0,0,6
BRDA:10,0,1,1
BRDA:10,1,0,7
BRDA:10,1,1,7
BRF:4
BRH:4
end_of_record
TN:
SF:D:\Project\app\views\appFlow\mainScreen\style.js
FNF:0
FNH:0
DA:1,3
DA:2,3
DA:4,3
DA:71,3
LF:4
LH:4
BRF:0
BRH:0
end_of_record
TN:
SF:D:\Project\app\views\appFlow\mainScreen\components\header\header.js
FN:4,_interopRequireDefault
FN:6,Header
FNF:2
FNH:2
FNDA:6,_interopRequireDefault
FNDA:1,Header
DA:1,2
DA:2,2
DA:3,2
DA:4,6
DA:6,2
DA:7,1
DA:21,2
LF:7
LH:7
BRDA:4,0,0,4
BRDA:4,0,1,2
BRDA:4,1,0,6
BRDA:4,1,1,6
BRF:4
BRH:4
end_of_record
TN:
SF:D:\Project\app\views\appFlow\mainScreen\components\menuItems\index.js
FN:4,_interopRequireDefault
FN:6,MenuItems
FN:9,(anonymous_2)
FNF:3
FNH:2
FNDA:6,_interopRequireDefault
FNDA:1,MenuItems
FNDA:0,(anonymous_2)
DA:1,2
DA:2,2
DA:3,2
DA:4,6
DA:6,2
DA:7,1
DA:9,0
DA:10,0
DA:19,2
LF:9
LH:7
BRDA:4,0,0,4
BRDA:4,0,1,2
BRDA:4,1,0,6
BRDA:4,1,1,6
BRF:4
BRH:4
end_of_record
TN:
SF:D:\Project\app\views\appFlow\profileScreen\profile.js
FN:6,_interopRequireDefault
FN:9,ProfileScreen
FN:16,(anonymous_2)
FNF:3
FNH:3
FNDA:4,_interopRequireDefault
FNDA:1,ProfileScreen
FNDA:4,(anonymous_2)
DA:1,1
DA:2,1
DA:3,1
DA:4,1
DA:5,1
DA:6,4
DA:9,1
DA:10,1
DA:16,4
DA:17,4
DA:19,4
DA:27,1
LF:12
LH:12
BRDA:6,0,0,3
BRDA:6,0,1,1
BRDA:6,1,0,4
BRDA:6,1,1,4
BRF:4
BRH:4
end_of_record
TN:
SF:D:\Project\app\views\appFlow\profileScreen\style.js
FNF:0
FNH:0
DA:1,3
DA:2,3
DA:4,3
DA:73,3
LF:4
LH:4
BRF:0
BRH:0
end_of_record
TN:
SF:D:\Project\app\views\appFlow\profileScreen\components\codeBlock\index.js
FN:4,_interopRequireDefault
FN:6,CodeBlock
FN:12,(anonymous_2)
FNF:3
FNH:2
FNDA:6,_interopRequireDefault
FNDA:1,CodeBlock
FNDA:0,(anonymous_2)
DA:1,2
DA:2,2
DA:3,2
DA:4,6
DA:6,2
DA:7,1
DA:12,0
DA:13,0
DA:18,2
LF:9
LH:7
BRDA:4,0,0,4
BRDA:4,0,1,2
BRDA:4,1,0,6
BRDA:4,1,1,6
BRF:4
BRH:4
end_of_record
TN:
SF:D:\Project\app\views\appFlow\profileScreen\components\healthData\index.js
FN:2,_interopRequireDefault
FN:4,HealthData
FNF:2
FNH:0
FNDA:0,_interopRequireDefault
FNDA:0,HealthData
DA:1,0
DA:2,0
DA:4,0
DA:5,0
DA:11,0
LF:5
LH:0
BRDA:2,0,0,0
BRDA:2,0,1,0
BRDA:2,1,0,0
BRDA:2,1,1,0
BRF:4
BRH:0
end_of_record
TN:
SF:D:\Project\app\views\appFlow\profileScreen\components\items\index.js
FN:6,_interopRequireDefault
FN:8,Items
FN:16,onPress
FNF:3
FNH:2
FNDA:9,_interopRequireDefault
FNDA:1,Items
FNDA:0,onPress
DA:1,3
DA:2,3
DA:3,3
DA:4,3
DA:5,3
DA:6,9
DA:8,3
DA:9,1
DA:16,0
DA:27,3
LF:10
LH:9
BRDA:6,0,0,6
BRDA:6,0,1,3
BRDA:6,1,0,9
BRDA:6,1,1,9
BRF:4
BRH:4
end_of_record
TN:
SF:D:\Project\app\views\appFlow\profileScreen\components\measuring\index.js
FN:2,_interopRequireDefault
FN:4,Measuring
FNF:2
FNH:0
FNDA:0,_interopRequireDefault
FNDA:0,Measuring
DA:1,0
DA:2,0
DA:4,0
DA:5,0
DA:11,0
LF:5
LH:0
BRDA:2,0,0,0
BRDA:2,0,1,0
BRDA:2,1,0,0
BRDA:2,1,1,0
BRF:4
BRH:0
end_of_record
TN:
SF:D:\Project\app\views\appFlow\profileScreen\components\privacyPolicy\index.js
FN:2,_interopRequireDefault
FN:4,PrivacyPolicy
FNF:2
FNH:0
FNDA:0,_interopRequireDefault
FNDA:0,PrivacyPolicy
DA:1,0
DA:2,0
DA:4,0
DA:5,0
DA:11,0
LF:5
LH:0
BRDA:2,0,0,0
BRDA:2,0,1,0
BRDA:2,1,0,0
BRDA:2,1,1,0
BRF:4
BRH:0
end_of_record
TN:
SF:D:\Project\app\views\appFlow\profileScreen\components\setLanguage\index.js
FN:2,_interopRequireDefault
FN:4,SetLanguage
FNF:2
FNH:0
FNDA:0,_interopRequireDefault
FNDA:0,SetLanguage
DA:1,0
DA:2,0
DA:4,0
DA:5,0
DA:11,0
LF:5
LH:0
BRDA:2,0,0,0
BRDA:2,0,1,0
BRDA:2,1,0,0
BRDA:2,1,1,0
BRF:4
BRH:0
end_of_record
TN:
SF:D:\Project\app\views\appFlow\profileScreen\components\setRelaxation\index.js
FN:2,_interopRequireDefault
FN:4,SetRelaxation
FNF:2
FNH:0
FNDA:0,_interopRequireDefault
FNDA:0,SetRelaxation
DA:1,0
DA:2,0
DA:4,0
DA:5,0
DA:11,0
LF:5
LH:0
BRDA:2,0,0,0
BRDA:2,0,1,0
BRDA:2,1,0,0
BRDA:2,1,1,0
BRF:4
BRH:0
end_of_record
TN:
SF:D:\Project\app\views\appFlow\profileScreen\components\setReminder\index.js
FN:2,_interopRequireDefault
FN:4,SetRimender
FNF:2
FNH:0
FNDA:0,_interopRequireDefault
FNDA:0,SetRimender
DA:1,0
DA:2,0
DA:4,0
DA:5,0
DA:11,0
LF:5
LH:0
BRDA:2,0,0,0
BRDA:2,0,1,0
BRDA:2,1,0,0
BRDA:2,1,1,0
BRF:4
BRH:0
end_of_record
TN:
SF:D:\Project\app\views\appFlow\profileScreen\components\soundSet\index.js
FN:2,_interopRequireDefault
FN:4,SoundSettings
FNF:2
FNH:0
FNDA:0,_interopRequireDefault
FNDA:0,SoundSettings
DA:1,0
DA:2,0
DA:4,0
DA:5,0
DA:11,0
LF:5
LH:0
BRDA:2,0,0,0
BRDA:2,0,1,0
BRDA:2,1,0,0
BRDA:2,1,1,0
BRF:4
BRH:0
end_of_record
TN:
SF:D:\Project\app\views\appFlow\profileScreen\components\timer\index.js
FN:2,_interopRequireDefault
FN:4,Timer
FNF:2
FNH:0
FNDA:0,_interopRequireDefault
FNDA:0,Timer
DA:1,0
DA:2,0
DA:4,0
DA:5,0
DA:11,0
LF:5
LH:0
BRDA:2,0,0,0
BRDA:2,0,1,0
BRDA:2,1,0,0
BRDA:2,1,1,0
BRF:4
BRH:0
end_of_record
TN:
SF:D:\Project\app\views\appFlow\profileScreen\components\treningScreen\index.js
FN:2,_interopRequireDefault
FN:4,TreningScreen
FNF:2
FNH:0
FNDA:0,_interopRequireDefault
FNDA:0,TreningScreen
DA:1,0
DA:2,0
DA:4,0
DA:5,0
DA:11,0
LF:5
LH:0
BRDA:2,0,0,0
BRDA:2,0,1,0
BRDA:2,1,0,0
BRDA:2,1,1,0
BRF:4
BRH:0
end_of_record
TN:
SF:D:\Project\app\views\appFlow\reportScreen\reportScreen.js
FN:9,_interopRequireDefault
FN:11,ReportScreen
FNF:2
FNH:2
FNDA:7,_interopRequireDefault
FNDA:1,ReportScreen
DA:1,1
DA:2,1
DA:3,1
DA:4,1
DA:5,1
DA:6,1
DA:7,1
DA:8,1
DA:9,7
DA:11,1
DA:13,1
DA:44,1
LF:12
LH:12
BRDA:9,0,0,6
BRDA:9,0,1,1
BRDA:9,1,0,7
BRDA:9,1,1,7
BRF:4
BRH:4
end_of_record
TN:
SF:D:\Project\app\views\appFlow\reportScreen\style.js
FNF:0
FNH:0
DA:1,5
DA:2,5
DA:4,5
DA:91,5
LF:4
LH:4
BRF:0
BRH:0
end_of_record
TN:
SF:D:\Project\app\views\appFlow\reportScreen\components\headers\headers.js
FN:3,_interopRequireDefault
FN:5,Headers
FNF:2
FNH:2
FNDA:4,_interopRequireDefault
FNDA:1,Headers
DA:1,2
DA:2,2
DA:3,4
DA:5,2
DA:7,1
DA:13,2
LF:6
LH:6
BRDA:3,0,0,2
BRDA:3,0,1,2
BRDA:3,1,0,4
BRDA:3,1,1,4
BRF:4
BRH:4
end_of_record
TN:
SF:D:\Project\app\views\appFlow\reportScreen\components\items\items.js
FN:4,_interopRequireDefault
FN:6,Items
FNF:2
FNH:2
FNDA:4,_interopRequireDefault
FNDA:1,Items
DA:1,2
DA:2,2
DA:3,2
DA:4,4
DA:6,2
DA:7,1
DA:20,2
LF:7
LH:7
BRDA:4,0,0,2
BRDA:4,0,1,2
BRDA:4,1,0,4
BRDA:4,1,1,4
BRF:4
BRH:4
end_of_record
TN:
SF:D:\Project\app\views\appFlow\reportScreen\components\report\report.js
FN:3,_interopRequireDefault
FN:5,Report
FNF:2
FNH:2
FNDA:4,_interopRequireDefault
FNDA:2,Report
DA:1,2
DA:2,2
DA:3,4
DA:5,2
DA:6,2
DA:25,2
LF:6
LH:6
BRDA:3,0,0,2
BRDA:3,0,1,2
BRDA:3,1,0,4
BRDA:3,1,1,4
BRF:4
BRH:4
end_of_record
TN:
SF:D:\Project\app\views\appFlow\reportScreen\components\setWeight\index.js
FN:6,_interopRequireDefault
FN:8,Weight
FNF:2
FNH:2
FNDA:15,_interopRequireDefault
FNDA:1,Weight
DA:1,3
DA:2,3
DA:3,3
DA:4,3
DA:5,3
DA:6,15
DA:8,3
DA:9,1
DA:22,3
LF:9
LH:9
BRDA:6,0,0,12
BRDA:6,0,1,3
BRDA:6,1,0,15
BRDA:6,1,1,15
BRF:4
BRH:4
end_of_record
TN:
SF:D:\Project\app\views\appFlow\reportScreen\components\setWeight\style.js
FNF:0
FNH:0
DA:1,3
DA:2,3
DA:4,3
DA:22,3
LF:4
LH:4
BRF:0
BRH:0
end_of_record
TN:
SF:D:\Project\app\views\appFlow\reportScreen\components\setWeight\components\buttons\index.js
FN:3,_interopRequireDefault
FN:5,OwnBtn
FN:8,onPress
FNF:3
FNH:2
FNDA:8,_interopRequireDefault
FNDA:1,OwnBtn
FNDA:0,onPress
DA:1,4
DA:2,4
DA:3,8
DA:5,4
DA:6,1
DA:8,0
DA:14,4
LF:7
LH:6
BRDA:3,0,0,4
BRDA:3,0,1,4
BRDA:3,1,0,8
BRDA:3,1,1,8
BRF:4
BRH:4
end_of_record
TN:
SF:D:\Project\app\views\appFlow\reportScreen\components\setWeight\components\buttons\styles.js
FNF:0
FNH:0
DA:1,4
DA:2,4
DA:4,4
DA:16,4
LF:4
LH:4
BRF:0
BRH:0
end_of_record
TN:
SF:D:\Project\app\views\appFlow\reportScreen\components\setWeight\components\inputValue\index.js
FN:6,_getRequireWildcardCache
FN:6,_getRequireWildcardCache
FN:6,_interopRequireWildcard
FN:6,_interopRequireDefault
FN:8,InputValue
FNF:5
FNH:3
FNDA:0,_getRequireWildcardCache
FNDA:0,_getRequireWildcardCache
FNDA:4,_interopRequireWildcard
FNDA:8,_interopRequireDefault
FNDA:1,InputValue
DA:1,4
DA:2,4
DA:3,4
DA:4,4
DA:5,4
DA:6,8
DA:8,4
DA:9,1
DA:25,4
LF:9
LH:9
BRDA:6,0,0,0
BRDA:6,0,1,0
BRDA:6,1,0,4
BRDA:6,1,1,0
BRDA:6,2,0,4
BRDA:6,2,1,4
BRDA:6,3,0,0
BRDA:6,3,1,0
BRDA:6,4,0,0
BRDA:6,4,1,0
BRDA:6,4,2,0
BRDA:6,5,0,0
BRDA:6,5,1,0
BRDA:6,6,0,0
BRDA:6,6,1,0
BRDA:6,7,0,0
BRDA:6,7,1,0
BRDA:6,8,0,0
BRDA:6,8,1,0
BRDA:6,9,0,0
BRDA:6,9,1,0
BRDA:6,10,0,0
BRDA:6,10,1,0
BRDA:6,11,0,0
BRDA:6,11,1,0
BRDA:6,11,2,0
BRDA:6,12,0,0
BRDA:6,12,1,0
BRDA:6,13,0,4
BRDA:6,13,1,4
BRDA:6,14,0,8
BRDA:6,14,1,8
BRF:32
BRH:7
end_of_record
TN:
SF:D:\Project\app\views\appFlow\reportScreen\components\setWeight\components\inputValue\style.js
FNF:0
FNH:0
DA:1,4
DA:2,4
DA:4,4
DA:36,4
LF:4
LH:4
BRF:0
BRH:0
end_of_record
TN:
SF:D:\Project\app\views\appFlow\reportScreen\components\settings\settings.js
FN:4,_interopRequireDefault
FN:4,_getRequireWildcardCache
FN:4,_getRequireWildcardCache
FN:4,_interopRequireWildcard
FN:4,_slicedToArray
FN:4,_nonIterableRest
FN:4,_iterableToArrayLimit
FN:4,_arrayWithHoles
FN:6,Settings
FN:20,onRequestClose
FN:27,onPress
FNF:11
FNH:6
FNDA:4,_interopRequireDefault
FNDA:2,_getRequireWildcardCache
FNDA:0,_getRequireWildcardCache
FNDA:2,_interopRequireWildcard
FNDA:1,_slicedToArray
FNDA:0,_nonIterableRest
FNDA:0,_iterableToArrayLimit
FNDA:1,_arrayWithHoles
FNDA:1,Settings
FNDA:0,onRequestClose
FNDA:0,onPress
DA:1,2
DA:2,2
DA:3,2
DA:4,60
DA:6,2
DA:7,1
DA:8,1
DA:21,0
DA:27,0
DA:36,2
LF:10
LH:8
BRDA:4,0,0,4
BRDA:4,0,1,0
BRDA:4,1,0,4
BRDA:4,1,1,4
BRDA:4,2,0,0
BRDA:4,2,1,2
BRDA:4,3,0,0
BRDA:4,3,1,2
BRDA:4,4,0,2
BRDA:4,4,1,2
BRDA:4,5,0,0
BRDA:4,5,1,2
BRDA:4,6,0,2
BRDA:4,6,1,2
BRDA:4,6,2,0
BRDA:4,7,0,0
BRDA:4,7,1,2
BRDA:4,8,0,2
BRDA:4,8,1,2
BRDA:4,9,0,2
BRDA:4,9,1,2
BRDA:4,10,0,60
BRDA:4,10,1,0
BRDA:4,11,0,60
BRDA:4,11,1,0
BRDA:4,12,0,0
BRDA:4,12,1,60
BRDA:4,13,0,60
BRDA:4,13,1,60
BRDA:4,13,2,60
BRDA:4,14,0,2
BRDA:4,14,1,0
BRDA:4,15,0,1
BRDA:4,15,1,0
BRDA:4,15,2,0
BRDA:4,16,0,0
BRDA:4,16,1,0
BRDA:4,17,0,0
BRDA:4,17,1,0
BRDA:4,18,0,0
BRDA:4,18,1,0
BRDA:4,19,0,0
BRDA:4,19,1,0
BRDA:4,20,0,0
BRDA:4,20,1,0
BRDA:4,21,0,0
BRDA:4,21,1,0
BRDA:4,22,0,0
BRDA:4,22,1,0
BRDA:4,23,0,0
BRDA:4,23,1,0
BRDA:4,24,0,0
BRDA:4,24,1,0
BRDA:4,25,0,1
BRDA:4,25,1,0
BRF:55
BRH:24
end_of_record
TN:
SF:D:\Project\app\views\authenticationFlow\registrationScreen\firstScreen\firstScreen.js
FN:7,_getRequireWildcardCache
FN:7,_getRequireWildcardCache
FN:7,_interopRequireWildcard
FN:7,_interopRequireDefault
FN:9,FirstScreen
FN:11,goToAuthorizationScreen
FN:15,_signInAsync
FN:15,_signInAsync$
FNF:8
FNH:3
FNDA:0,_getRequireWildcardCache
FNDA:0,_getRequireWildcardCache
FNDA:1,_interopRequireWildcard
FNDA:3,_interopRequireDefault
FNDA:1,FirstScreen
FNDA:0,goToAuthorizationScreen
FNDA:0,_signInAsync
FNDA:0,_signInAsync$
DA:1,1
DA:2,1
DA:3,1
DA:4,1
DA:5,1
DA:7,3
DA:9,1
DA:11,1
DA:12,0
DA:15,1
DA:16,0
DA:19,1
LF:12
LH:10
BRDA:7,0,0,0
BRDA:7,0,1,0
BRDA:7,1,0,1
BRDA:7,1,1,0
BRDA:7,2,0,1
BRDA:7,2,1,1
BRDA:7,3,0,0
BRDA:7,3,1,0
BRDA:7,4,0,0
BRDA:7,4,1,0
BRDA:7,4,2,0
BRDA:7,5,0,0
BRDA:7,5,1,0
BRDA:7,6,0,0
BRDA:7,6,1,0
BRDA:7,7,0,0
BRDA:7,7,1,0
BRDA:7,8,0,0
BRDA:7,8,1,0
BRDA:7,9,0,0
BRDA:7,9,1,0
BRDA:7,10,0,0
BRDA:7,10,1,0
BRDA:7,11,0,0
BRDA:7,11,1,0
BRDA:7,11,2,0
BRDA:7,12,0,0
BRDA:7,12,1,0
BRDA:7,13,0,2
BRDA:7,13,1,1
BRDA:7,14,0,3
BRDA:7,14,1,3
BRDA:15,15,0,0
BRDA:15,15,1,0
BRDA:15,15,2,0
BRF:35
BRH:7
end_of_record
TN:
SF:D:\Project\app\views\authenticationFlow\registrationScreen\firstScreen\styles.js
FNF:0
FNH:0
DA:1,1
DA:2,1
DA:4,1
DA:32,1
LF:4
LH:4
BRF:0
BRH:0
end_of_record
TN:
SF:D:\Project\app\views\authenticationFlow\registrationScreen\kneesProblems\kneesProblems.js
FN:7,_getRequireWildcardCache
FN:7,_getRequireWildcardCache
FN:7,_interopRequireWildcard
FN:7,_interopRequireDefault
FN:11,KneesProblems
FNF:5
FNH:3
FNDA:0,_getRequireWildcardCache
FNDA:0,_getRequireWildcardCache
FNDA:1,_interopRequireWildcard
FNDA:4,_interopRequireDefault
FNDA:1,KneesProblems
DA:1,1
DA:2,1
DA:3,1
DA:4,1
DA:5,1
DA:6,1
DA:7,4
DA:11,1
DA:13,1
LF:9
LH:9
BRDA:7,0,0,0
BRDA:7,0,1,0
BRDA:7,1,0,1
BRDA:7,1,1,0
BRDA:7,2,0,1
BRDA:7,2,1,1
BRDA:7,3,0,0
BRDA:7,3,1,0
BRDA:7,4,0,0
BRDA:7,4,1,0
BRDA:7,4,2,0
BRDA:7,5,0,0
BRDA:7,5,1,0
BRDA:7,6,0,0
BRDA:7,6,1,0
BRDA:7,7,0,0
BRDA:7,7,1,0
BRDA:7,8,0,0
BRDA:7,8,1,0
BRDA:7,9,0,0
BRDA:7,9,1,0
BRDA:7,10,0,0
BRDA:7,10,1,0
BRDA:7,11,0,0
BRDA:7,11,1,0
BRDA:7,11,2,0
BRDA:7,12,0,0
BRDA:7,12,1,0
BRDA:7,13,0,3
BRDA:7,13,1,1
BRDA:7,14,0,4
BRDA:7,14,1,4
BRF:32
BRH:7
end_of_record
TN:
SF:D:\Project\app\views\authenticationFlow\registrationScreen\kneesProblems\styles.js
FNF:0
FNH:0
DA:1,2
DA:2,2
DA:5,2
DA:61,2
LF:4
LH:4
BRF:0
BRH:0
end_of_record
TN:
SF:D:\Project\app\views\authenticationFlow\registrationScreen\kneesProblems\components\index.js
FN:6,_interopRequireDefault
FN:8,PlanSettings
FN:10,goToNextActivity
FNF:3
FNH:2
FNDA:10,_interopRequireDefault
FNDA:2,PlanSettings
FNDA:0,goToNextActivity
DA:1,2
DA:2,2
DA:3,2
DA:4,2
DA:5,2
DA:6,10
DA:8,2
DA:10,2
DA:11,0
DA:13,2
DA:24,2
LF:11
LH:10
BRDA:6,0,0,8
BRDA:6,0,1,2
BRDA:6,1,0,10
BRDA:6,1,1,10
BRF:4
BRH:4
end_of_record
TN:
SF:D:\Project\app\views\authenticationFlow\registrationScreen\pickStrength\pickStrength.js
FN:10,_interopRequireDefault
FN:10,_getRequireWildcardCache
FN:10,_getRequireWildcardCache
FN:10,_interopRequireWildcard
FN:10,_slicedToArray
FN:10,_nonIterableRest
FN:10,_iterableToArrayLimit
FN:10,_arrayWithHoles
FN:12,PickStrength
FN:16,goToNextActivity
FNF:10
FNH:6
FNDA:3,_interopRequireDefault
FNDA:1,_getRequireWildcardCache
FNDA:0,_getRequireWildcardCache
FNDA:2,_interopRequireWildcard
FNDA:1,_slicedToArray
FNDA:0,_nonIterableRest
FNDA:0,_iterableToArrayLimit
FNDA:1,_arrayWithHoles
FNDA:1,PickStrength
FNDA:0,goToNextActivity
DA:1,1
DA:2,1
DA:3,1
DA:4,1
DA:5,1
DA:6,1
DA:8,1
DA:9,1
DA:10,30
DA:12,1
DA:14,1
DA:16,1
DA:17,0
DA:20,1
LF:14
LH:13
BRDA:10,0,0,3
BRDA:10,0,1,0
BRDA:10,1,0,3
BRDA:10,1,1,3
BRDA:10,2,0,0
BRDA:10,2,1,1
BRDA:10,3,0,1
BRDA:10,3,1,1
BRDA:10,4,0,2
BRDA:10,4,1,2
BRDA:10,5,0,0
BRDA:10,5,1,1
BRDA:10,6,0,1
BRDA:10,6,1,1
BRDA:10,6,2,0
BRDA:10,7,0,0
BRDA:10,7,1,1
BRDA:10,8,0,1
BRDA:10,8,1,1
BRDA:10,9,0,1
BRDA:10,9,1,1
BRDA:10,10,0,30
BRDA:10,10,1,0
BRDA:10,11,0,30
BRDA:10,11,1,0
BRDA:10,12,0,0
BRDA:10,12,1,30
BRDA:10,13,0,30
BRDA:10,13,1,30
BRDA:10,13,2,30
BRDA:10,14,0,1
BRDA:10,14,1,0
BRDA:10,15,0,1
BRDA:10,15,1,0
BRDA:10,15,2,0
BRDA:10,16,0,0
BRDA:10,16,1,0
BRDA:10,17,0,0
BRDA:10,17,1,0
BRDA:10,18,0,0
BRDA:10,18,1,0
BRDA:10,19,0,0
BRDA:10,19,1,0
BRDA:10,20,0,0
BRDA:10,20,1,0
BRDA:10,21,0,0
BRDA:10,21,1,0
BRDA:10,22,0,0
BRDA:10,22,1,0
BRDA:10,23,0,0
BRDA:10,23,1,0
BRDA:10,24,0,0
BRDA:10,24,1,0
BRDA:10,25,0,1
BRDA:10,25,1,0
BRF:55
BRH:25
end_of_record
TN:
SF:D:\Project\app\views\authenticationFlow\registrationScreen\pickStrength\styles.js
FNF:0
FNH:0
DA:1,1
DA:2,1
DA:5,1
DA:55,1
LF:4
LH:4
BRF:0
BRH:0
end_of_record
TN:
SF:D:\Project\app\views\authenticationFlow\registrationScreen\planSelection\planSelection.js
FN:8,_getRequireWildcardCache
FN:8,_getRequireWildcardCache
FN:8,_interopRequireWildcard
FN:8,_interopRequireDefault
FN:10,PlanSelection
FNF:5
FNH:3
FNDA:0,_getRequireWildcardCache
FNDA:0,_getRequireWildcardCache
FNDA:1,_interopRequireWildcard
FNDA:3,_interopRequireDefault
FNDA:1,PlanSelection
DA:1,1
DA:2,1
DA:3,1
DA:4,1
DA:5,1
DA:7,1
DA:8,3
DA:10,1
DA:12,1
LF:9
LH:9
BRDA:8,0,0,0
BRDA:8,0,1,0
BRDA:8,1,0,1
BRDA:8,1,1,0
BRDA:8,2,0,1
BRDA:8,2,1,1
BRDA:8,3,0,0
BRDA:8,3,1,0
BRDA:8,4,0,0
BRDA:8,4,1,0
BRDA:8,4,2,0
BRDA:8,5,0,0
BRDA:8,5,1,0
BRDA:8,6,0,0
BRDA:8,6,1,0
BRDA:8,7,0,0
BRDA:8,7,1,0
BRDA:8,8,0,0
BRDA:8,8,1,0
BRDA:8,9,0,0
BRDA:8,9,1,0
BRDA:8,10,0,0
BRDA:8,10,1,0
BRDA:8,11,0,0
BRDA:8,11,1,0
BRDA:8,11,2,0
BRDA:8,12,0,0
BRDA:8,12,1,0
BRDA:8,13,0,2
BRDA:8,13,1,1
BRDA:8,14,0,3
BRDA:8,14,1,3
BRF:32
BRH:7
end_of_record
TN:
SF:D:\Project\app\views\authenticationFlow\registrationScreen\planSelection\styles.js
FNF:0
FNH:0
DA:1,2
DA:2,2
DA:4,2
DA:43,2
LF:4
LH:4
BRF:0
BRH:0
end_of_record
TN:
SF:D:\Project\app\views\authenticationFlow\registrationScreen\planSelection\components\index.js
FN:6,_interopRequireDefault
FN:9,PlanSettings
FN:11,goToNextActivity
FNF:3
FNH:2
FNDA:10,_interopRequireDefault
FNDA:2,PlanSettings
FNDA:0,goToNextActivity
DA:1,2
DA:2,2
DA:3,2
DA:4,2
DA:5,2
DA:6,10
DA:9,2
DA:11,2
DA:12,0
DA:14,2
DA:24,2
LF:11
LH:10
BRDA:6,0,0,8
BRDA:6,0,1,2
BRDA:6,1,0,10
BRDA:6,1,1,10
BRF:4
BRH:4
end_of_record
TN:
SF:D:\Project\app\views\authenticationFlow\registrationScreen\registration\registration.js
FN:9,_interopRequireDefault
FN:9,_getRequireWildcardCache
FN:9,_getRequireWildcardCache
FN:9,_interopRequireWildcard
FN:9,_slicedToArray
FN:9,_nonIterableRest
FN:9,_iterableToArrayLimit
FN:9,_arrayWithHoles
FN:11,Registration
FN:17,saveData
FN:17,saveData$
FNF:11
FNH:6
FNDA:3,_interopRequireDefault
FNDA:1,_getRequireWildcardCache
FNDA:0,_getRequireWildcardCache
FNDA:2,_interopRequireWildcard
FNDA:3,_slicedToArray
FNDA:0,_nonIterableRest
FNDA:0,_iterableToArrayLimit
FNDA:3,_arrayWithHoles
FNDA:1,Registration
FNDA:0,saveData
FNDA:0,saveData$
DA:1,1
DA:2,1
DA:3,1
DA:4,1
DA:5,1
DA:7,1
DA:8,1
DA:9,30
DA:11,1
DA:13,1
DA:14,1
DA:15,1
DA:17,1
DA:18,0
DA:21,0
DA:23,0
DA:24,0
DA:26,0
DA:28,0
DA:31,0
DA:35,1
LF:21
LH:14
BRDA:9,0,0,3
BRDA:9,0,1,0
BRDA:9,1,0,3
BRDA:9,1,1,3
BRDA:9,2,0,0
BRDA:9,2,1,1
BRDA:9,3,0,1
BRDA:9,3,1,1
BRDA:9,4,0,2
BRDA:9,4,1,2
BRDA:9,5,0,0
BRDA:9,5,1,1
BRDA:9,6,0,1
BRDA:9,6,1,1
BRDA:9,6,2,0
BRDA:9,7,0,0
BRDA:9,7,1,1
BRDA:9,8,0,1
BRDA:9,8,1,1
BRDA:9,9,0,1
BRDA:9,9,1,1
BRDA:9,10,0,30
BRDA:9,10,1,0
BRDA:9,11,0,30
BRDA:9,11,1,0
BRDA:9,12,0,0
BRDA:9,12,1,30
BRDA:9,13,0,30
BRDA:9,13,1,30
BRDA:9,13,2,30
BRDA:9,14,0,1
BRDA:9,14,1,0
BRDA:9,15,0,3
BRDA:9,15,1,0
BRDA:9,15,2,0
BRDA:9,16,0,0
BRDA:9,16,1,0
BRDA:9,17,0,0
BRDA:9,17,1,0
BRDA:9,18,0,0
BRDA:9,18,1,0
BRDA:9,19,0,0
BRDA:9,19,1,0
BRDA:9,20,0,0
BRDA:9,20,1,0
BRDA:9,21,0,0
BRDA:9,21,1,0
BRDA:9,22,0,0
BRDA:9,22,1,0
BRDA:9,23,0,0
BRDA:9,23,1,0
BRDA:9,24,0,0
BRDA:9,24,1,0
BRDA:9,25,0,3
BRDA:9,25,1,0
BRDA:17,26,0,0
BRDA:17,26,1,0
BRDA:17,26,2,0
BRDA:17,26,3,0
BRDA:17,26,4,0
BRDA:17,26,5,0
BRDA:17,26,6,0
BRDA:21,27,0,0
BRDA:21,27,1,0
BRDA:23,28,0,0
BRDA:23,28,1,0
BRDA:23,28,2,0
BRDA:23,29,0,0
BRDA:23,29,1,0
BRF:69
BRH:25
end_of_record
TN:
SF:D:\Project\app\views\authenticationFlow\registrationScreen\registration\styles.js
FNF:0
FNH:0
DA:1,1
DA:2,1
DA:3,1
DA:5,1
DA:54,1
LF:5
LH:5
BRF:0
BRH:0
end_of_record
TN:
SF:D:\Project\app\views\authenticationFlow\registrationScreen\registration\components\index.js
FN:3,_interopRequireDefault
FN:5,TextInputs
FN:9,onChangeText
FNF:3
FNH:2
FNDA:4,_interopRequireDefault
FNDA:4,TextInputs
FNDA:0,onChangeText
DA:1,2
DA:2,2
DA:3,4
DA:5,2
DA:6,4
DA:9,0
DA:14,2
LF:7
LH:6
BRDA:3,0,0,2
BRDA:3,0,1,2
BRDA:3,1,0,4
BRDA:3,1,1,4
BRF:4
BRH:4
end_of_record
TN:
SF:D:\Project\app\views\authenticationFlow\registrationScreen\registration\components\styles.js
FNF:0
FNH:0
DA:1,2
DA:2,2
DA:4,2
DA:19,2
LF:4
LH:4
BRF:0
BRH:0
end_of_record
TN:
SF:D:\Project\app\views\authenticationFlow\registrationScreen\signUp\signUp.js
FN:8,_interopRequireDefault
FN:8,_getRequireWildcardCache
FN:8,_getRequireWildcardCache
FN:8,_interopRequireWildcard
FN:8,_slicedToArray
FN:8,_nonIterableRest
FN:8,_iterableToArrayLimit
FN:8,_arrayWithHoles
FN:11,SignUp
FN:16,showData
FN:16,showData$
FNF:11
FNH:6
FNDA:2,_interopRequireDefault
FNDA:1,_getRequireWildcardCache
FNDA:0,_getRequireWildcardCache
FNDA:2,_interopRequireWildcard
FNDA:2,_slicedToArray
FNDA:0,_nonIterableRest
FNDA:0,_iterableToArrayLimit
FNDA:2,_arrayWithHoles
FNDA:1,SignUp
FNDA:0,showData
FNDA:0,showData$
DA:1,1
DA:2,1
DA:3,1
DA:4,1
DA:5,1
DA:6,1
DA:7,1
DA:8,30
DA:11,1
DA:13,1
DA:14,1
DA:16,1
DA:17,0
DA:18,0
DA:19,0
DA:20,0
DA:22,0
DA:26,0
DA:30,0
DA:31,0
DA:34,1
LF:21
LH:13
BRDA:8,0,0,2
BRDA:8,0,1,0
BRDA:8,1,0,2
BRDA:8,1,1,2
BRDA:8,2,0,0
BRDA:8,2,1,1
BRDA:8,3,0,1
BRDA:8,3,1,1
BRDA:8,4,0,2
BRDA:8,4,1,2
BRDA:8,5,0,0
BRDA:8,5,1,1
BRDA:8,6,0,1
BRDA:8,6,1,1
BRDA:8,6,2,0
BRDA:8,7,0,0
BRDA:8,7,1,1
BRDA:8,8,0,1
BRDA:8,8,1,1
BRDA:8,9,0,1
BRDA:8,9,1,1
BRDA:8,10,0,30
BRDA:8,10,1,0
BRDA:8,11,0,30
BRDA:8,11,1,0
BRDA:8,12,0,0
BRDA:8,12,1,30
BRDA:8,13,0,30
BRDA:8,13,1,30
BRDA:8,13,2,30
BRDA:8,14,0,1
BRDA:8,14,1,0
BRDA:8,15,0,2
BRDA:8,15,1,0
BRDA:8,15,2,0
BRDA:8,16,0,0
BRDA:8,16,1,0
BRDA:8,17,0,0
BRDA:8,17,1,0
BRDA:8,18,0,0
BRDA:8,18,1,0
BRDA:8,19,0,0
BRDA:8,19,1,0
BRDA:8,20,0,0
BRDA:8,20,1,0
BRDA:8,21,0,0
BRDA:8,21,1,0
BRDA:8,22,0,0
BRDA:8,22,1,0
BRDA:8,23,0,0
BRDA:8,23,1,0
BRDA:8,24,0,0
BRDA:8,24,1,0
BRDA:8,25,0,2
BRDA:8,25,1,0
BRDA:16,26,0,0
BRDA:16,26,1,0
BRDA:16,26,2,0
BRDA:16,26,3,0
BRDA:19,27,0,0
BRDA:19,27,1,0
BRDA:19,28,0,0
BRDA:19,28,1,0
BRDA:20,29,0,0
BRDA:20,29,1,0
BRDA:20,30,0,0
BRDA:20,30,1,0
BRF:67
BRH:25
end_of_record
TN:
SF:D:\Project\app\views\authenticationFlow\registrationScreen\signUp\style.js
FNF:0
FNH:0
DA:1,2
DA:2,2
DA:4,2
DA:6,2
DA:47,2
LF:5
LH:5
BRF:0
BRH:0
end_of_record
TN:
SF:D:\Project\app\views\authenticationFlow\registrationScreen\signUp\component\index.js
FN:3,_interopRequireDefault
FN:5,TextInputs
FN:9,onChangeText
FNF:3
FNH:2
FNDA:4,_interopRequireDefault
FNDA:3,TextInputs
FNDA:0,onChangeText
DA:1,2
DA:2,2
DA:3,4
DA:5,2
DA:6,3
DA:9,0
DA:13,2
LF:7
LH:6
BRDA:3,0,0,2
BRDA:3,0,1,2
BRDA:3,1,0,4
BRDA:3,1,1,4
BRF:4
BRH:4
end_of_record
TN:
SF:D:\Project\app\views\authenticationFlow\registrationScreen\strapDuration\strapDuration.js
FN:9,_interopRequireDefault
FN:9,_getRequireWildcardCache
FN:9,_getRequireWildcardCache
FN:9,_interopRequireWildcard
FN:9,_slicedToArray
FN:9,_nonIterableRest
FN:9,_iterableToArrayLimit
FN:9,_arrayWithHoles
FN:11,StrapDuration
FN:16,goToNextActivity
FNF:10
FNH:6
FNDA:3,_interopRequireDefault
FNDA:1,_getRequireWildcardCache
FNDA:0,_getRequireWildcardCache
FNDA:2,_interopRequireWildcard
FNDA:1,_slicedToArray
FNDA:0,_nonIterableRest
FNDA:0,_iterableToArrayLimit
FNDA:1,_arrayWithHoles
FNDA:1,StrapDuration
FNDA:0,goToNextActivity
DA:1,1
DA:2,1
DA:3,1
DA:4,1
DA:5,1
DA:6,1
DA:8,1
DA:9,30
DA:11,1
DA:13,1
DA:14,1
DA:16,1
DA:17,0
DA:20,1
LF:14
LH:13
BRDA:9,0,0,3
BRDA:9,0,1,0
BRDA:9,1,0,3
BRDA:9,1,1,3
BRDA:9,2,0,0
BRDA:9,2,1,1
BRDA:9,3,0,1
BRDA:9,3,1,1
BRDA:9,4,0,2
BRDA:9,4,1,2
BRDA:9,5,0,0
BRDA:9,5,1,1
BRDA:9,6,0,1
BRDA:9,6,1,1
BRDA:9,6,2,0
BRDA:9,7,0,0
BRDA:9,7,1,1
BRDA:9,8,0,1
BRDA:9,8,1,1
BRDA:9,9,0,1
BRDA:9,9,1,1
BRDA:9,10,0,30
BRDA:9,10,1,0
BRDA:9,11,0,30
BRDA:9,11,1,0
BRDA:9,12,0,0
BRDA:9,12,1,30
BRDA:9,13,0,30
BRDA:9,13,1,30
BRDA:9,13,2,30
BRDA:9,14,0,1
BRDA:9,14,1,0
BRDA:9,15,0,1
BRDA:9,15,1,0
BRDA:9,15,2,0
BRDA:9,16,0,0
BRDA:9,16,1,0
BRDA:9,17,0,0
BRDA:9,17,1,0
BRDA:9,18,0,0
BRDA:9,18,1,0
BRDA:9,19,0,0
BRDA:9,19,1,0
BRDA:9,20,0,0
BRDA:9,20,1,0
BRDA:9,21,0,0
BRDA:9,21,1,0
BRDA:9,22,0,0
BRDA:9,22,1,0
BRDA:9,23,0,0
BRDA:9,23,1,0
BRDA:9,24,0,0
BRDA:9,24,1,0
BRDA:9,25,0,1
BRDA:9,25,1,0
BRF:55
BRH:25
end_of_record
TN:
SF:D:\Project\app\views\authenticationFlow\registrationScreen\strapDuration\styles.js
FNF:0
FNH:0
DA:1,1
DA:2,1
DA:5,1
DA:60,1
LF:4
LH:4
BRF:0
BRH:0
end_of_record
TN:
SF:D:\Project\app\views\authenticationFlow\test\test.js
FN:14,login
FN:15,(anonymous_1)
FN:20,(anonymous_2)
FN:24,(anonymous_3)
FN:31,request
FN:32,success
FN:33,failure
FN:36,logout
FN:41,register
FN:42,(anonymous_9)
FN:47,(anonymous_10)
FN:52,(anonymous_11)
FN:59,request
FN:60,success
FN:61,failure
FN:64,getAll
FN:65,(anonymous_16)
FN:70,(anonymous_17)
FN:71,(anonymous_18)
FN:75,request
FN:76,success
FN:77,failure
FN:81,_delete
FN:82,(anonymous_23)
FN:87,(anonymous_24)
FN:88,(anonymous_25)
FN:92,request
FN:93,success
FN:94,failure
FNF:29
FNH:0
FNDA:0,login
FNDA:0,(anonymous_1)
FNDA:0,(anonymous_2)
FNDA:0,(anonymous_3)
FNDA:0,request
FNDA:0,success
FNDA:0,failure
FNDA:0,logout
FNDA:0,register
FNDA:0,(anonymous_9)
FNDA:0,(anonymous_10)
FNDA:0,(anonymous_11)
FNDA:0,request
FNDA:0,success
FNDA:0,failure
FNDA:0,getAll
FNDA:0,(anonymous_16)
FNDA:0,(anonymous_17)
FNDA:0,(anonymous_18)
FNDA:0,request
FNDA:0,success
FNDA:0,failure
FNDA:0,_delete
FNDA:0,(anonymous_23)
FNDA:0,(anonymous_24)
FNDA:0,(anonymous_25)
FNDA:0,request
FNDA:0,success
FNDA:0,failure
DA:1,0
DA:2,0
DA:3,0
DA:4,0
DA:6,0
DA:11,0
DA:15,0
DA:16,0
DA:18,0
DA:21,0
DA:22,0
DA:25,0
DA:26,0
DA:31,0
DA:32,0
DA:33,0
DA:37,0
DA:38,0
DA:42,0
DA:43,0
DA:45,0
DA:48,0
DA:49,0
DA:50,0
DA:53,0
DA:54,0
DA:59,0
DA:60,0
DA:61,0
DA:65,0
DA:66,0
DA:68,0
DA:70,0
DA:71,0
DA:75,0
DA:76,0
DA:77,0
DA:82,0
DA:83,0
DA:85,0
DA:87,0
DA:88,0
DA:92,0
DA:93,0
DA:94,0
LF:45
LH:0
BRF:0
BRH:0
end_of_record
TN:
SF:D:\Project\app\views\splashScreen\splashScreen.js
FN:5,_interopRequireDefault
FN:5,_getRequireWildcardCache
FN:5,_getRequireWildcardCache
FN:5,_interopRequireWildcard
FN:7,SplashScreen
FN:9,(anonymous_5)
FN:10,(anonymous_6)
FNF:7
FNH:4
FNDA:2,_interopRequireDefault
FNDA:1,_getRequireWildcardCache
FNDA:0,_getRequireWildcardCache
FNDA:1,_interopRequireWildcard
FNDA:1,SplashScreen
FNDA:0,(anonymous_5)
FNDA:0,(anonymous_6)
DA:1,1
DA:2,1
DA:3,1
DA:4,1
DA:5,30
DA:7,1
DA:9,1
DA:10,0
DA:13,1
LF:9
LH:8
BRDA:5,0,0,2
BRDA:5,0,1,0
BRDA:5,1,0,2
BRDA:5,1,1,2
BRDA:5,2,0,0
BRDA:5,2,1,1
BRDA:5,3,0,0
BRDA:5,3,1,1
BRDA:5,4,0,1
BRDA:5,4,1,1
BRDA:5,5,0,0
BRDA:5,5,1,1
BRDA:5,6,0,1
BRDA:5,6,1,1
BRDA:5,6,2,0
BRDA:5,7,0,0
BRDA:5,7,1,1
BRDA:5,8,0,1
BRDA:5,8,1,1
BRDA:5,9,0,1
BRDA:5,9,1,1
BRDA:5,10,0,30
BRDA:5,10,1,0
BRDA:5,11,0,30
BRDA:5,11,1,0
BRDA:5,12,0,0
BRDA:5,12,1,30
BRDA:5,13,0,30
BRDA:5,13,1,30
BRDA:5,13,2,30
BRDA:5,14,0,1
BRDA:5,14,1,0
BRF:32
BRH:22
end_of_record
TN:
SF:D:\Project\app\views\splashScreen\styles.js
FNF:0
FNH:0
DA:1,1
DA:3,1
DA:11,1
LF:3
LH:3
BRF:0
BRH:0
end_of_record
